********************************************************************************
DUPLICATOR-LITE PACKAGE-LOG: 24 de April de 2019 19:59
NOTICE: Do NOT post to public sites or forums 
********************************************************************************
VERSION:	1.3.10
WORDPRESS:	5.0.4
PHP INFO:	7.3.1 | SAPI: apache2handler
SERVER:		Apache/2.4.37 (Win32) OpenSSL/1.1.1a PHP/7.3.1 
PHP TIME LIMIT: (0) no time limit imposed 
PHP MAX MEMORY: 4294967296 (256M default) 
MEMORY STACK: 2MB 

********************************************************************************
DATABASE:
********************************************************************************
BUILD MODE:   MYSQLDUMP
MYSQLTIMEOUT: 5000
MYSQLDUMP:    Is Supported 
SQL CREATED: 20190424_scomunicacaointegrada_d8657591ecae2a018724_20190424195930_database.sql 
SQL FILE SIZE: 751.83KB (769876) 
SQL FILE TIME: 2019-04-24 19:59:58 
SQL RUNTIME: 1.90 sec. 

******************************************************************************** 
ARCHIVE (ZIP): 
******************************************************************************** 
ARCHIVE DIR:  C:/xampp/htdocs/scomunicacao 
ARCHIVE FILE: 20190424_scomunicacaointegrada_d8657591ecae2a018724_20190424195930_archive.zip 
FILTERS: *OFF* 
DIRS:
	not set 
FILES:
	not set 
EXTS:  not set 
---------------------------------------- 
COMPRESSING 
SIZE:	121.21MB 
STATS:	Dirs 391 | Files 2,982 
SQL ADDED: 20190424_scomunicacaointegrada_d8657591ecae2a018724_20190424195930_database.sql 
ZipArchive Object
(
    [status] => 0
    [statusSys] => 0
    [numFiles] => 3373
    [filename] => C:\xampp\htdocs\scomunicacao\wp-snapshots\tmp\20190424_scomunicacaointegrada_d8657591ecae2a018724_20190424195930_archive.zip
    [comment] => 
)
 
FILE ADDED TO ZIP: 3372 
COMPRESSION RESULT: '1' 
COMPRESSED SIZE: 78.24MB 
ARCHIVE RUNTIME: 30.31 sec. 
MEMORY STACK: 4MB 
building installer 
add_extra_files1 
add_extra_files2 
add_extra_files3 
add_extra_files4 
Doing archive file check 
add_extra_files5 
add_extra_files6 
add_extra_files8 
Successfully opened zip C:/xampp/htdocs/scomunicacao/wp-snapshots/tmp/20190424_scomunicacaointegrada_d8657591ecae2a018724_20190424195930_archive.zip 
Adding enhanced installer files to archive using ZipArchive 
Installer files added to archive 
Added to archive 
After ziparchive close when adding installer 

******************************************************************************** 
INTEGRITY CHECKS: 
******************************************************************************** 
SQL FILE: 751.83KB 
INSTALLER FILE: 207.33KB 
ARCHIVE FILE: 79.19MB  
EXPECTED FILE/DIRECTORY COUNT: 3,373 
ACTUAL FILE/DIRECTORY COUNT: 3,372 
ARCHIVE CONSISTENCY TEST: Pass 

********************************************************************************
RECORD ID:[1]
TOTAL PROCESS RUNTIME: 33.21 sec.
PEAK PHP MEMORY USED: 4MB
DONE PROCESSING => 20190424_scomunicacaointegrada 24 de April de 2019 20:00
 
