********************************************************************************
DUPLICATOR-LITE PACKAGE-LOG: 30 de April de 2019 21:46
NOTICE: Do NOT post to public sites or forums 
********************************************************************************
VERSION:	1.3.10
WORDPRESS:	5.0.4
PHP INFO:	7.3.1 | SAPI: apache2handler
SERVER:		Apache/2.4.37 (Win32) OpenSSL/1.1.1a PHP/7.3.1 
PHP TIME LIMIT: (0) no time limit imposed 
PHP MAX MEMORY: 4294967296 (256M default) 
MEMORY STACK: 4MB 

********************************************************************************
DATABASE:
********************************************************************************
BUILD MODE:   MYSQLDUMP
MYSQLTIMEOUT: 5000
MYSQLDUMP:    Is Supported 
SQL CREATED: 20190424_scomunicacaointegrada_00c8c74084b3c6601809_20190430214608_database.sql 
SQL FILE SIZE: 741.28KB (759072) 
SQL FILE TIME: 2019-04-30 21:46:30 
SQL RUNTIME: 1.85 sec. 

******************************************************************************** 
ARCHIVE (ZIP): 
******************************************************************************** 
ARCHIVE DIR:  C:/xampp/htdocs/scomunicacao 
ARCHIVE FILE: 20190424_scomunicacaointegrada_00c8c74084b3c6601809_20190430214608_archive.zip 
FILTERS: *OFF* 
DIRS:
	not set 
FILES:
	not set 
EXTS:  not set 
---------------------------------------- 
COMPRESSING 
SIZE:	123.08MB 
STATS:	Dirs 407 | Files 3,069 
SQL ADDED: 20190424_scomunicacaointegrada_00c8c74084b3c6601809_20190430214608_database.sql 
ZipArchive Object
(
    [status] => 0
    [statusSys] => 0
    [numFiles] => 3476
    [filename] => C:\xampp\htdocs\scomunicacao\wp-snapshots\tmp\20190424_scomunicacaointegrada_00c8c74084b3c6601809_20190430214608_archive.zip
    [comment] => 
)
 
FILE ADDED TO ZIP: 3475 
COMPRESSION RESULT: '1' 
COMPRESSED SIZE: 79.14MB 
ARCHIVE RUNTIME: 31.31 sec. 
MEMORY STACK: 6MB 
building installer 
add_extra_files1 
add_extra_files2 
add_extra_files3 
add_extra_files4 
Doing archive file check 
add_extra_files5 
add_extra_files6 
add_extra_files8 
Successfully opened zip C:/xampp/htdocs/scomunicacao/wp-snapshots/tmp/20190424_scomunicacaointegrada_00c8c74084b3c6601809_20190430214608_archive.zip 
Adding enhanced installer files to archive using ZipArchive 
Installer files added to archive 
Added to archive 
After ziparchive close when adding installer 

******************************************************************************** 
INTEGRITY CHECKS: 
******************************************************************************** 
SQL FILE: 741.28KB 
INSTALLER FILE: 207.33KB 
ARCHIVE FILE: 80.09MB  
EXPECTED FILE/DIRECTORY COUNT: 3,476 
ACTUAL FILE/DIRECTORY COUNT: 3,475 
ARCHIVE CONSISTENCY TEST: Pass 

********************************************************************************
RECORD ID:[3]
TOTAL PROCESS RUNTIME: 34.30 sec.
PEAK PHP MEMORY USED: 6MB
DONE PROCESSING => 20190424_scomunicacaointegrada 30 de April de 2019 21:47
 
