********************************************************************************
DUPLICATOR-LITE PACKAGE-LOG: 2 de May de 2019 22:28
NOTICE: Do NOT post to public sites or forums 
********************************************************************************
VERSION:	1.3.10
WORDPRESS:	5.0.4
PHP INFO:	7.3.1 | SAPI: apache2handler
SERVER:		Apache/2.4.37 (Win32) OpenSSL/1.1.1a PHP/7.3.1 
PHP TIME LIMIT: (0) no time limit imposed 
PHP MAX MEMORY: 4294967296 (256M default) 
MEMORY STACK: 2MB 

********************************************************************************
DATABASE:
********************************************************************************
BUILD MODE:   MYSQLDUMP
MYSQLTIMEOUT: 5000
MYSQLDUMP:    Is Supported 
SQL CREATED: 20190424_scomunicacaointegrada_aa6dd73d507412601945_20190502222821_database.sql 
SQL FILE SIZE: 748.43KB (766396) 
SQL FILE TIME: 2019-05-02 22:28:52 
SQL RUNTIME: 2.12 sec. 

******************************************************************************** 
ARCHIVE (ZIP): 
******************************************************************************** 
ARCHIVE DIR:  C:/xampp/htdocs/scomunicacao 
ARCHIVE FILE: 20190424_scomunicacaointegrada_aa6dd73d507412601945_20190502222821_archive.zip 
FILTERS: *OFF* 
DIRS:
	not set 
FILES:
	not set 
EXTS:  not set 
---------------------------------------- 
COMPRESSING 
SIZE:	123.35MB 
STATS:	Dirs 408 | Files 3,070 
SQL ADDED: 20190424_scomunicacaointegrada_aa6dd73d507412601945_20190502222821_database.sql 
ZipArchive Object
(
    [status] => 0
    [statusSys] => 0
    [numFiles] => 3478
    [filename] => C:\xampp\htdocs\scomunicacao\wp-snapshots\tmp\20190424_scomunicacaointegrada_aa6dd73d507412601945_20190502222821_archive.zip
    [comment] => 
)
 
FILE ADDED TO ZIP: 3477 
COMPRESSION RESULT: '1' 
COMPRESSED SIZE: 79.4MB 
ARCHIVE RUNTIME: 34.71 sec. 
MEMORY STACK: 4MB 
building installer 
add_extra_files1 
add_extra_files2 
add_extra_files3 
add_extra_files4 
Doing archive file check 
add_extra_files5 
add_extra_files6 
add_extra_files8 
Successfully opened zip C:/xampp/htdocs/scomunicacao/wp-snapshots/tmp/20190424_scomunicacaointegrada_aa6dd73d507412601945_20190502222821_archive.zip 
Adding enhanced installer files to archive using ZipArchive 
Installer files added to archive 
Added to archive 
After ziparchive close when adding installer 

******************************************************************************** 
INTEGRITY CHECKS: 
******************************************************************************** 
SQL FILE: 748.43KB 
INSTALLER FILE: 207.33KB 
ARCHIVE FILE: 80.35MB  
EXPECTED FILE/DIRECTORY COUNT: 3,478 
ACTUAL FILE/DIRECTORY COUNT: 3,477 
ARCHIVE CONSISTENCY TEST: Pass 

********************************************************************************
RECORD ID:[4]
TOTAL PROCESS RUNTIME: 37.80 sec.
PEAK PHP MEMORY USED: 4MB
DONE PROCESSING => 20190424_scomunicacaointegrada 2 de May de 2019 22:29
 
